app/build/intermediates/manifest_merge_blame_file/debug/manifest-merger-blame-debug-report.txt
1<?xml version="1.0" encoding="utf-8"?>
2<manifest xmlns:android="http://schemas.android.com/apk/res/android"
3    package="com.example.restaurantreviewapp"
4    android:versionCode="1"
5    android:versionName="1.0" >
6
7    <uses-sdk
8        android:minSdkVersion="28"
8-->src\main\AndroidManifest.xml
9        android:targetSdkVersion="31" />
9-->src\main\AndroidManifest.xml
10
11    <uses-permission android:name="android.permission.INTERNET" />
11-->src\main\AndroidManifest.xml:5:5-67
11-->src\main\AndroidManifest.xml:5:22-64
12    <uses-permission android:name="android.permission.ACCESS_NETWORK_STATE" />
12-->[com.firebaseui:firebase-ui-auth:7.2.0] AndroidManifest.xml:12:5-79
12-->[com.firebaseui:firebase-ui-auth:7.2.0] AndroidManifest.xml:12:22-76
13
14    <application
14-->src\main\AndroidManifest.xml:7:5-32:19
15        android:allowBackup="true"
15-->src\main\AndroidManifest.xml:8:9-35
16        android:appComponentFactory="androidx.core.app.CoreComponentFactory"
16-->[androidx.core:core:1.7.0] AndroidManifest.xml:24:18-86
17        android:debuggable="true"
18        android:extractNativeLibs="false"
19        android:icon="@mipmap/ic_launcher"
19-->src\main\AndroidManifest.xml:9:9-43
20        android:label="@string/app_name"
20-->src\main\AndroidManifest.xml:10:9-41
21        android:roundIcon="@mipmap/ic_launcher_round"
21-->src\main\AndroidManifest.xml:11:9-54
22        android:supportsRtl="true"
22-->src\main\AndroidManifest.xml:12:9-35
23        android:theme="@style/Theme.RestaurantReviewApp" >
23-->src\main\AndroidManifest.xml:13:9-57
24        <activity
24-->src\main\AndroidManifest.xml:14:9-16:40
25            android:name="com.example.restaurantreviewapp.SignupActivity"
25-->src\main\AndroidManifest.xml:15:13-43
26            android:exported="false" />
26-->src\main\AndroidManifest.xml:16:13-37
27        <activity
27-->src\main\AndroidManifest.xml:17:9-19:40
28            android:name="com.example.restaurantreviewapp.LoginAcitivity"
28-->src\main\AndroidManifest.xml:18:13-43
29            android:exported="false" />
29-->src\main\AndroidManifest.xml:19:13-37
30        <activity
30-->src\main\AndroidManifest.xml:20:9-22:40
31            android:name="com.example.restaurantreviewapp.MenuActivity"
31-->src\main\AndroidManifest.xml:21:13-41
32            android:exported="false" />
32-->src\main\AndroidManifest.xml:22:13-37
33        <activity
33-->src\main\AndroidManifest.xml:23:9-31:20
34            android:name="com.example.restaurantreviewapp.MainActivity"
34-->src\main\AndroidManifest.xml:24:13-41
35            android:exported="true" >
35-->src\main\AndroidManifest.xml:25:13-36
36            <intent-filter>
36-->src\main\AndroidManifest.xml:26:13-30:29
37                <action android:name="android.intent.action.MAIN" />
37-->src\main\AndroidManifest.xml:27:17-69
37-->src\main\AndroidManifest.xml:27:25-66
38
39                <category android:name="android.intent.category.LAUNCHER" />
39-->src\main\AndroidManifest.xml:29:17-77
39-->src\main\AndroidManifest.xml:29:27-74
40            </intent-filter>
41        </activity>
42
43        <meta-data
43-->[com.firebaseui:firebase-ui-auth:7.2.0] AndroidManifest.xml:16:9-18:69
44            android:name="com.google.android.gms.version"
44-->[com.firebaseui:firebase-ui-auth:7.2.0] AndroidManifest.xml:17:13-58
45            android:value="@integer/google_play_services_version" />
45-->[com.firebaseui:firebase-ui-auth:7.2.0] AndroidManifest.xml:18:13-66
46        <meta-data
46-->[com.firebaseui:firebase-ui-auth:7.2.0] AndroidManifest.xml:19:9-21:63
47            android:name="com.facebook.sdk.ApplicationId"
47-->[com.firebaseui:firebase-ui-auth:7.2.0] AndroidManifest.xml:20:13-58
48            android:value="@string/facebook_application_id" />
48-->[com.firebaseui:firebase-ui-auth:7.2.0] AndroidManifest.xml:21:13-60
49
50        <activity
50-->[com.firebaseui:firebase-ui-auth:7.2.0] AndroidManifest.xml:23:9-27:61
51            android:name="com.firebase.ui.auth.KickoffActivity"
51-->[com.firebaseui:firebase-ui-auth:7.2.0] AndroidManifest.xml:24:13-64
52            android:exported="false"
52-->[com.firebaseui:firebase-ui-auth:7.2.0] AndroidManifest.xml:25:13-37
53            android:label=""
53-->[com.firebaseui:firebase-ui-auth:7.2.0] AndroidManifest.xml:26:13-29
54            android:theme="@style/FirebaseUI.Transparent" />
54-->[com.firebaseui:firebase-ui-auth:7.2.0] AndroidManifest.xml:27:13-58
55        <activity
55-->[com.firebaseui:firebase-ui-auth:7.2.0] AndroidManifest.xml:28:9-32:61
56            android:name="com.firebase.ui.auth.ui.idp.SingleSignInActivity"
56-->[com.firebaseui:firebase-ui-auth:7.2.0] AndroidManifest.xml:29:13-76
57            android:exported="false"
57-->[com.firebaseui:firebase-ui-auth:7.2.0] AndroidManifest.xml:30:13-37
58            android:label=""
58-->[com.firebaseui:firebase-ui-auth:7.2.0] AndroidManifest.xml:31:13-29
59            android:theme="@style/FirebaseUI.Transparent" />
59-->[com.firebaseui:firebase-ui-auth:7.2.0] AndroidManifest.xml:32:13-58
60        <activity
60-->[com.firebaseui:firebase-ui-auth:7.2.0] AndroidManifest.xml:33:9-37:61
61            android:name="com.firebase.ui.auth.ui.credentials.CredentialSaveActivity"
61-->[com.firebaseui:firebase-ui-auth:7.2.0] AndroidManifest.xml:34:13-86
62            android:exported="false"
62-->[com.firebaseui:firebase-ui-auth:7.2.0] AndroidManifest.xml:35:13-37
63            android:label=""
63-->[com.firebaseui:firebase-ui-auth:7.2.0] AndroidManifest.xml:36:13-29
64            android:theme="@style/FirebaseUI.Transparent" />
64-->[com.firebaseui:firebase-ui-auth:7.2.0] AndroidManifest.xml:37:13-58
65        <activity
65-->[com.firebaseui:firebase-ui-auth:7.2.0] AndroidManifest.xml:38:9-42:58
66            android:name="com.firebase.ui.auth.ui.email.RecoverPasswordActivity"
66-->[com.firebaseui:firebase-ui-auth:7.2.0] AndroidManifest.xml:39:13-81
67            android:exported="false"
67-->[com.firebaseui:firebase-ui-auth:7.2.0] AndroidManifest.xml:40:13-37
68            android:label="@string/fui_title_recover_password_activity"
68-->[com.firebaseui:firebase-ui-auth:7.2.0] AndroidManifest.xml:41:13-72
69            android:windowSoftInputMode="adjustResize" />
69-->[com.firebaseui:firebase-ui-auth:7.2.0] AndroidManifest.xml:42:13-55
70        <activity
70-->[com.firebaseui:firebase-ui-auth:7.2.0] AndroidManifest.xml:43:9-47:58
71            android:name="com.firebase.ui.auth.ui.email.EmailActivity"
71-->[com.firebaseui:firebase-ui-auth:7.2.0] AndroidManifest.xml:44:13-71
72            android:exported="false"
72-->[com.firebaseui:firebase-ui-auth:7.2.0] AndroidManifest.xml:45:13-37
73            android:label="@string/fui_sign_in_default"
73-->[com.firebaseui:firebase-ui-auth:7.2.0] AndroidManifest.xml:46:13-56
74            android:windowSoftInputMode="adjustResize" />
74-->[com.firebaseui:firebase-ui-auth:7.2.0] AndroidManifest.xml:47:13-55
75        <activity
75-->[com.firebaseui:firebase-ui-auth:7.2.0] AndroidManifest.xml:48:9-52:77
76            android:name="com.firebase.ui.auth.ui.phone.PhoneActivity"
76-->[com.firebaseui:firebase-ui-auth:7.2.0] AndroidManifest.xml:49:13-71
77            android:exported="false"
77-->[com.firebaseui:firebase-ui-auth:7.2.0] AndroidManifest.xml:50:13-37
78            android:label="@string/fui_sign_in_with_phone_number"
78-->[com.firebaseui:firebase-ui-auth:7.2.0] AndroidManifest.xml:51:13-66
79            android:windowSoftInputMode="adjustResize|stateAlwaysVisible" />
79-->[com.firebaseui:firebase-ui-auth:7.2.0] AndroidManifest.xml:52:13-74
80        <activity
80-->[com.firebaseui:firebase-ui-auth:7.2.0] AndroidManifest.xml:53:9-57:58
81            android:name="com.firebase.ui.auth.ui.idp.WelcomeBackIdpPrompt"
81-->[com.firebaseui:firebase-ui-auth:7.2.0] AndroidManifest.xml:54:13-76
82            android:exported="false"
82-->[com.firebaseui:firebase-ui-auth:7.2.0] AndroidManifest.xml:55:13-37
83            android:label="@string/fui_title_welcome_back_idp_prompt"
83-->[com.firebaseui:firebase-ui-auth:7.2.0] AndroidManifest.xml:56:13-70
84            android:windowSoftInputMode="adjustResize" />
84-->[com.firebaseui:firebase-ui-auth:7.2.0] AndroidManifest.xml:57:13-55
85        <activity
85-->[com.firebaseui:firebase-ui-auth:7.2.0] AndroidManifest.xml:58:9-62:58
86            android:name="com.firebase.ui.auth.ui.email.WelcomeBackPasswordPrompt"
86-->[com.firebaseui:firebase-ui-auth:7.2.0] AndroidManifest.xml:59:13-83
87            android:exported="false"
87-->[com.firebaseui:firebase-ui-auth:7.2.0] AndroidManifest.xml:60:13-37
88            android:label="@string/fui_title_welcome_back_password_prompt"
88-->[com.firebaseui:firebase-ui-auth:7.2.0] AndroidManifest.xml:61:13-75
89            android:windowSoftInputMode="adjustResize" />
89-->[com.firebaseui:firebase-ui-auth:7.2.0] AndroidManifest.xml:62:13-55
90        <activity
90-->[com.firebaseui:firebase-ui-auth:7.2.0] AndroidManifest.xml:63:9-67:58
91            android:name="com.firebase.ui.auth.ui.email.WelcomeBackEmailLinkPrompt"
91-->[com.firebaseui:firebase-ui-auth:7.2.0] AndroidManifest.xml:64:13-84
92            android:exported="false"
92-->[com.firebaseui:firebase-ui-auth:7.2.0] AndroidManifest.xml:65:13-37
93            android:label="@string/fui_title_welcome_back_password_prompt"
93-->[com.firebaseui:firebase-ui-auth:7.2.0] AndroidManifest.xml:66:13-75
94            android:windowSoftInputMode="adjustResize" />
94-->[com.firebaseui:firebase-ui-auth:7.2.0] AndroidManifest.xml:67:13-55
95        <activity
95-->[com.firebaseui:firebase-ui-auth:7.2.0] AndroidManifest.xml:68:9-73:58
96            android:name="com.firebase.ui.auth.ui.email.EmailLinkCatcherActivity"
96-->[com.firebaseui:firebase-ui-auth:7.2.0] AndroidManifest.xml:69:13-82
97            android:exported="false"
97-->[com.firebaseui:firebase-ui-auth:7.2.0] AndroidManifest.xml:70:13-37
98            android:label=""
98-->[com.firebaseui:firebase-ui-auth:7.2.0] AndroidManifest.xml:71:13-29
99            android:theme="@style/FirebaseUI.Transparent"
99-->[com.firebaseui:firebase-ui-auth:7.2.0] AndroidManifest.xml:72:13-58
100            android:windowSoftInputMode="adjustResize" />
100-->[com.firebaseui:firebase-ui-auth:7.2.0] AndroidManifest.xml:73:13-55
101        <activity
101-->[com.firebaseui:firebase-ui-auth:7.2.0] AndroidManifest.xml:74:9-78:58
102            android:name="com.firebase.ui.auth.ui.email.EmailLinkErrorRecoveryActivity"
102-->[com.firebaseui:firebase-ui-auth:7.2.0] AndroidManifest.xml:75:13-88
103            android:exported="false"
103-->[com.firebaseui:firebase-ui-auth:7.2.0] AndroidManifest.xml:76:13-37
104            android:label="@string/fui_sign_in_default"
104-->[com.firebaseui:firebase-ui-auth:7.2.0] AndroidManifest.xml:77:13-56
105            android:windowSoftInputMode="adjustResize" />
105-->[com.firebaseui:firebase-ui-auth:7.2.0] AndroidManifest.xml:78:13-55
106        <activity
106-->[com.firebaseui:firebase-ui-auth:7.2.0] AndroidManifest.xml:79:9-82:65
107            android:name="com.firebase.ui.auth.ui.idp.AuthMethodPickerActivity"
107-->[com.firebaseui:firebase-ui-auth:7.2.0] AndroidManifest.xml:80:13-80
108            android:exported="false"
108-->[com.firebaseui:firebase-ui-auth:7.2.0] AndroidManifest.xml:81:13-37
109            android:label="@string/fui_default_toolbar_title" />
109-->[com.firebaseui:firebase-ui-auth:7.2.0] AndroidManifest.xml:82:13-62
110        <activity
110-->[com.firebaseui:firebase-ui-auth:7.2.0] AndroidManifest.xml:83:9-87:48
111            android:name="com.facebook.FacebookActivity"
111-->[com.firebaseui:firebase-ui-auth:7.2.0] AndroidManifest.xml:84:13-57
112            android:configChanges="keyboard|keyboardHidden|screenLayout|screenSize|orientation"
112-->[com.firebaseui:firebase-ui-auth:7.2.0] AndroidManifest.xml:85:13-96
113            android:label="@string/app_name" />
113-->[com.firebaseui:firebase-ui-auth:7.2.0] AndroidManifest.xml:86:13-45
114        <activity
114-->[com.firebaseui:firebase-ui-auth:7.2.0] AndroidManifest.xml:88:9-100:20
115            android:name="com.facebook.CustomTabActivity"
115-->[com.firebaseui:firebase-ui-auth:7.2.0] AndroidManifest.xml:89:13-58
116            android:exported="true" >
116-->[com.firebaseui:firebase-ui-auth:7.2.0] AndroidManifest.xml:90:13-36
117            <intent-filter>
117-->[com.firebaseui:firebase-ui-auth:7.2.0] AndroidManifest.xml:92:13-99:29
118                <action android:name="android.intent.action.VIEW" />
118-->[com.firebaseui:firebase-ui-auth:7.2.0] AndroidManifest.xml:93:17-69
118-->[com.firebaseui:firebase-ui-auth:7.2.0] AndroidManifest.xml:93:25-66
119
120                <category android:name="android.intent.category.DEFAULT" />
120-->[com.firebaseui:firebase-ui-auth:7.2.0] AndroidManifest.xml:95:17-76
120-->[com.firebaseui:firebase-ui-auth:7.2.0] AndroidManifest.xml:95:27-73
121                <category android:name="android.intent.category.BROWSABLE" />
121-->[com.firebaseui:firebase-ui-auth:7.2.0] AndroidManifest.xml:96:17-78
121-->[com.firebaseui:firebase-ui-auth:7.2.0] AndroidManifest.xml:96:27-75
122
123                <data android:scheme="@string/facebook_login_protocol_scheme" />
123-->[com.firebaseui:firebase-ui-auth:7.2.0] AndroidManifest.xml:98:17-81
123-->[com.firebaseui:firebase-ui-auth:7.2.0] AndroidManifest.xml:98:23-78
124            </intent-filter>
125        </activity>
126
127        <provider
127-->[com.firebaseui:firebase-ui-auth:7.2.0] AndroidManifest.xml:102:9-106:38
128            android:name="com.firebase.ui.auth.data.client.AuthUiInitProvider"
128-->[com.firebaseui:firebase-ui-auth:7.2.0] AndroidManifest.xml:103:13-79
129            android:authorities="com.example.restaurantreviewapp.authuiinitprovider"
129-->[com.firebaseui:firebase-ui-auth:7.2.0] AndroidManifest.xml:104:13-70
130            android:exported="false"
130-->[com.firebaseui:firebase-ui-auth:7.2.0] AndroidManifest.xml:105:13-37
131            android:initOrder="90" />
131-->[com.firebaseui:firebase-ui-auth:7.2.0] AndroidManifest.xml:106:13-35
132
133        <service
133-->[com.google.firebase:firebase-auth-ktx:21.0.1] AndroidManifest.xml:8:9-14:19
134            android:name="com.google.firebase.components.ComponentDiscoveryService"
134-->[com.google.firebase:firebase-auth-ktx:21.0.1] AndroidManifest.xml:9:13-84
135            android:directBootAware="true"
135-->[com.google.firebase:firebase-common:20.0.0] AndroidManifest.xml:35:13-43
136            android:exported="false" >
136-->[com.google.firebase:firebase-auth-ktx:21.0.1] AndroidManifest.xml:10:13-37
137            <meta-data
137-->[com.google.firebase:firebase-auth-ktx:21.0.1] AndroidManifest.xml:11:13-13:85
138                android:name="com.google.firebase.components:com.google.firebase.auth.ktx.FirebaseAuthKtxRegistrar"
138-->[com.google.firebase:firebase-auth-ktx:21.0.1] AndroidManifest.xml:12:17-116
139                android:value="com.google.firebase.components.ComponentRegistrar" />
139-->[com.google.firebase:firebase-auth-ktx:21.0.1] AndroidManifest.xml:13:17-82
140            <meta-data
140-->[com.google.firebase:firebase-auth:21.0.1] AndroidManifest.xml:77:13-79:85
141                android:name="com.google.firebase.components:com.google.firebase.auth.FirebaseAuthRegistrar"
141-->[com.google.firebase:firebase-auth:21.0.1] AndroidManifest.xml:78:17-109
142                android:value="com.google.firebase.components.ComponentRegistrar" />
142-->[com.google.firebase:firebase-auth:21.0.1] AndroidManifest.xml:79:17-82
143            <meta-data
143-->[com.google.firebase:firebase-storage-ktx:20.0.0] AndroidManifest.xml:15:13-17:85
144                android:name="com.google.firebase.components:com.google.firebase.storage.ktx.FirebaseStorageKtxRegistrar"
144-->[com.google.firebase:firebase-storage-ktx:20.0.0] AndroidManifest.xml:16:17-122
145                android:value="com.google.firebase.components.ComponentRegistrar" />
145-->[com.google.firebase:firebase-storage-ktx:20.0.0] AndroidManifest.xml:17:17-82
146            <meta-data
146-->[com.google.firebase:firebase-firestore-ktx:24.0.0] AndroidManifest.xml:15:13-17:85
147                android:name="com.google.firebase.components:com.google.firebase.firestore.ktx.FirebaseFirestoreKtxRegistrar"
147-->[com.google.firebase:firebase-firestore-ktx:24.0.0] AndroidManifest.xml:16:17-126
148                android:value="com.google.firebase.components.ComponentRegistrar" />
148-->[com.google.firebase:firebase-firestore-ktx:24.0.0] AndroidManifest.xml:17:17-82
149            <meta-data
149-->[com.google.firebase:firebase-database-ktx:20.0.3] AndroidManifest.xml:15:13-17:85
150                android:name="com.google.firebase.components:com.google.firebase.database.ktx.FirebaseDatabaseKtxRegistrar"
150-->[com.google.firebase:firebase-database-ktx:20.0.3] AndroidManifest.xml:16:17-124
151                android:value="com.google.firebase.components.ComponentRegistrar" />
151-->[com.google.firebase:firebase-database-ktx:20.0.3] AndroidManifest.xml:17:17-82
152            <meta-data
152-->[com.google.firebase:firebase-common-ktx:20.0.0] AndroidManifest.xml:15:13-17:85
153                android:name="com.google.firebase.components:com.google.firebase.ktx.FirebaseCommonKtxRegistrar"
153-->[com.google.firebase:firebase-common-ktx:20.0.0] AndroidManifest.xml:16:17-113
154                android:value="com.google.firebase.components.ComponentRegistrar" />
154-->[com.google.firebase:firebase-common-ktx:20.0.0] AndroidManifest.xml:17:17-82
155            <meta-data
155-->[com.google.firebase:firebase-storage:20.0.0] AndroidManifest.xml:33:13-35:85
156                android:name="com.google.firebase.components:com.google.firebase.storage.StorageRegistrar"
156-->[com.google.firebase:firebase-storage:20.0.0] AndroidManifest.xml:34:17-107
157                android:value="com.google.firebase.components.ComponentRegistrar" />
157-->[com.google.firebase:firebase-storage:20.0.0] AndroidManifest.xml:35:17-82
158            <meta-data
158-->[com.google.firebase:firebase-firestore:24.0.0] AndroidManifest.xml:20:13-22:85
159                android:name="com.google.firebase.components:com.google.firebase.firestore.FirestoreRegistrar"
159-->[com.google.firebase:firebase-firestore:24.0.0] AndroidManifest.xml:21:17-111
160                android:value="com.google.firebase.components.ComponentRegistrar" />
160-->[com.google.firebase:firebase-firestore:24.0.0] AndroidManifest.xml:22:17-82
161            <meta-data
161-->[com.google.firebase:firebase-database:20.0.3] AndroidManifest.xml:32:13-34:85
162                android:name="com.google.firebase.components:com.google.firebase.database.DatabaseRegistrar"
162-->[com.google.firebase:firebase-database:20.0.3] AndroidManifest.xml:33:17-109
163                android:value="com.google.firebase.components.ComponentRegistrar" />
163-->[com.google.firebase:firebase-database:20.0.3] AndroidManifest.xml:34:17-82
164        </service>
165
166        <activity
166-->[com.google.firebase:firebase-auth:21.0.1] AndroidManifest.xml:27:9-44:20
167            android:name="com.google.firebase.auth.internal.GenericIdpActivity"
167-->[com.google.firebase:firebase-auth:21.0.1] AndroidManifest.xml:28:13-80
168            android:excludeFromRecents="true"
168-->[com.google.firebase:firebase-auth:21.0.1] AndroidManifest.xml:29:13-46
169            android:exported="true"
169-->[com.google.firebase:firebase-auth:21.0.1] AndroidManifest.xml:30:13-36
170            android:launchMode="singleTask"
170-->[com.google.firebase:firebase-auth:21.0.1] AndroidManifest.xml:31:13-44
171            android:theme="@android:style/Theme.Translucent.NoTitleBar" >
171-->[com.google.firebase:firebase-auth:21.0.1] AndroidManifest.xml:32:13-72
172            <intent-filter>
172-->[com.google.firebase:firebase-auth:21.0.1] AndroidManifest.xml:33:13-43:29
173                <action android:name="android.intent.action.VIEW" />
173-->[com.firebaseui:firebase-ui-auth:7.2.0] AndroidManifest.xml:93:17-69
173-->[com.firebaseui:firebase-ui-auth:7.2.0] AndroidManifest.xml:93:25-66
174
175                <category android:name="android.intent.category.DEFAULT" />
175-->[com.firebaseui:firebase-ui-auth:7.2.0] AndroidManifest.xml:95:17-76
175-->[com.firebaseui:firebase-ui-auth:7.2.0] AndroidManifest.xml:95:27-73
176                <category android:name="android.intent.category.BROWSABLE" />
176-->[com.firebaseui:firebase-ui-auth:7.2.0] AndroidManifest.xml:96:17-78
176-->[com.firebaseui:firebase-ui-auth:7.2.0] AndroidManifest.xml:96:27-75
177
178                <data
178-->[com.firebaseui:firebase-ui-auth:7.2.0] AndroidManifest.xml:98:17-81
179                    android:host="firebase.auth"
180                    android:path="/"
181                    android:scheme="genericidp" />
181-->[com.firebaseui:firebase-ui-auth:7.2.0] AndroidManifest.xml:98:23-78
182            </intent-filter>
183        </activity>
184        <activity
184-->[com.google.firebase:firebase-auth:21.0.1] AndroidManifest.xml:45:9-62:20
185            android:name="com.google.firebase.auth.internal.RecaptchaActivity"
185-->[com.google.firebase:firebase-auth:21.0.1] AndroidManifest.xml:46:13-79
186            android:excludeFromRecents="true"
186-->[com.google.firebase:firebase-auth:21.0.1] AndroidManifest.xml:47:13-46
187            android:exported="true"
187-->[com.google.firebase:firebase-auth:21.0.1] AndroidManifest.xml:48:13-36
188            android:launchMode="singleTask"
188-->[com.google.firebase:firebase-auth:21.0.1] AndroidManifest.xml:49:13-44
189            android:theme="@android:style/Theme.Translucent.NoTitleBar" >
189-->[com.google.firebase:firebase-auth:21.0.1] AndroidManifest.xml:50:13-72
190            <intent-filter>
190-->[com.google.firebase:firebase-auth:21.0.1] AndroidManifest.xml:51:13-61:29
191                <action android:name="android.intent.action.VIEW" />
191-->[com.firebaseui:firebase-ui-auth:7.2.0] AndroidManifest.xml:93:17-69
191-->[com.firebaseui:firebase-ui-auth:7.2.0] AndroidManifest.xml:93:25-66
192
193                <category android:name="android.intent.category.DEFAULT" />
193-->[com.firebaseui:firebase-ui-auth:7.2.0] AndroidManifest.xml:95:17-76
193-->[com.firebaseui:firebase-ui-auth:7.2.0] AndroidManifest.xml:95:27-73
194                <category android:name="android.intent.category.BROWSABLE" />
194-->[com.firebaseui:firebase-ui-auth:7.2.0] AndroidManifest.xml:96:17-78
194-->[com.firebaseui:firebase-ui-auth:7.2.0] AndroidManifest.xml:96:27-75
195
196                <data
196-->[com.firebaseui:firebase-ui-auth:7.2.0] AndroidManifest.xml:98:17-81
197                    android:host="firebase.auth"
198                    android:path="/"
199                    android:scheme="recaptcha" />
199-->[com.firebaseui:firebase-ui-auth:7.2.0] AndroidManifest.xml:98:23-78
200            </intent-filter>
201        </activity>
202
203        <service
203-->[com.google.firebase:firebase-auth:21.0.1] AndroidManifest.xml:64:9-73:19
204            android:name="com.google.firebase.auth.api.fallback.service.FirebaseAuthFallbackService"
204-->[com.google.firebase:firebase-auth:21.0.1] AndroidManifest.xml:65:13-101
205            android:enabled="true"
205-->[com.google.firebase:firebase-auth:21.0.1] AndroidManifest.xml:66:13-35
206            android:exported="false" >
206-->[com.google.firebase:firebase-auth:21.0.1] AndroidManifest.xml:67:13-37
207            <intent-filter>
207-->[com.google.firebase:firebase-auth:21.0.1] AndroidManifest.xml:68:13-72:29
208                <action android:name="com.google.firebase.auth.api.gms.service.START" />
208-->[com.google.firebase:firebase-auth:21.0.1] AndroidManifest.xml:69:17-89
208-->[com.google.firebase:firebase-auth:21.0.1] AndroidManifest.xml:69:25-86
209
210                <category android:name="android.intent.category.DEFAULT" />
210-->[com.firebaseui:firebase-ui-auth:7.2.0] AndroidManifest.xml:95:17-76
210-->[com.firebaseui:firebase-ui-auth:7.2.0] AndroidManifest.xml:95:27-73
211            </intent-filter>
212        </service>
213
214        <provider
214-->[com.squareup.picasso:picasso:2.71828] AndroidManifest.xml:8:9-11:40
215            android:name="com.squareup.picasso.PicassoProvider"
215-->[com.squareup.picasso:picasso:2.71828] AndroidManifest.xml:9:13-64
216            android:authorities="com.example.restaurantreviewapp.com.squareup.picasso"
216-->[com.squareup.picasso:picasso:2.71828] AndroidManifest.xml:10:13-72
217            android:exported="false" />
217-->[com.squareup.picasso:picasso:2.71828] AndroidManifest.xml:11:13-37
218
219        <activity
219-->[com.google.android.gms:play-services-auth:19.0.0] AndroidManifest.xml:23:9-27:75
220            android:name="com.google.android.gms.auth.api.signin.internal.SignInHubActivity"
220-->[com.google.android.gms:play-services-auth:19.0.0] AndroidManifest.xml:24:13-93
221            android:excludeFromRecents="true"
221-->[com.google.android.gms:play-services-auth:19.0.0] AndroidManifest.xml:25:13-46
222            android:exported="false"
222-->[com.google.android.gms:play-services-auth:19.0.0] AndroidManifest.xml:26:13-37
223            android:theme="@android:style/Theme.Translucent.NoTitleBar" />
223-->[com.google.android.gms:play-services-auth:19.0.0] AndroidManifest.xml:27:13-72
224        <!--
225            Service handling Google Sign-In user revocation. For apps that do not integrate with
226            Google Sign-In, this service will never be started.
227        -->
228        <service
228-->[com.google.android.gms:play-services-auth:19.0.0] AndroidManifest.xml:33:9-37:51
229            android:name="com.google.android.gms.auth.api.signin.RevocationBoundService"
229-->[com.google.android.gms:play-services-auth:19.0.0] AndroidManifest.xml:34:13-89
230            android:exported="true"
230-->[com.google.android.gms:play-services-auth:19.0.0] AndroidManifest.xml:35:13-36
231            android:permission="com.google.android.gms.auth.api.signin.permission.REVOCATION_NOTIFICATION"
231-->[com.google.android.gms:play-services-auth:19.0.0] AndroidManifest.xml:36:13-107
232            android:visibleToInstantApps="true" />
232-->[com.google.android.gms:play-services-auth:19.0.0] AndroidManifest.xml:37:13-48
233
234        <activity
234-->[com.google.android.gms:play-services-base:17.1.0] AndroidManifest.xml:23:9-26:75
235            android:name="com.google.android.gms.common.api.GoogleApiActivity"
235-->[com.google.android.gms:play-services-base:17.1.0] AndroidManifest.xml:24:13-79
236            android:exported="false"
236-->[com.google.android.gms:play-services-base:17.1.0] AndroidManifest.xml:25:13-37
237            android:theme="@android:style/Theme.Translucent.NoTitleBar" />
237-->[com.google.android.gms:play-services-base:17.1.0] AndroidManifest.xml:26:13-72
238
239        <provider
239-->[com.google.firebase:firebase-common:20.0.0] AndroidManifest.xml:26:9-31:39
240            android:name="com.google.firebase.provider.FirebaseInitProvider"
240-->[com.google.firebase:firebase-common:20.0.0] AndroidManifest.xml:27:13-77
241            android:authorities="com.example.restaurantreviewapp.firebaseinitprovider"
241-->[com.google.firebase:firebase-common:20.0.0] AndroidManifest.xml:28:13-72
242            android:directBootAware="true"
242-->[com.google.firebase:firebase-common:20.0.0] AndroidManifest.xml:29:13-43
243            android:exported="false"
243-->[com.google.firebase:firebase-common:20.0.0] AndroidManifest.xml:30:13-37
244            android:initOrder="100" />
244-->[com.google.firebase:firebase-common:20.0.0] AndroidManifest.xml:31:13-36
245        <provider
245-->[androidx.emoji2:emoji2:1.0.0] AndroidManifest.xml:26:9-34:20
246            android:name="androidx.startup.InitializationProvider"
246-->[androidx.emoji2:emoji2:1.0.0] AndroidManifest.xml:27:13-67
247            android:authorities="com.example.restaurantreviewapp.androidx-startup"
247-->[androidx.emoji2:emoji2:1.0.0] AndroidManifest.xml:28:13-68
248            android:exported="false" >
248-->[androidx.emoji2:emoji2:1.0.0] AndroidManifest.xml:29:13-37
249            <meta-data
249-->[androidx.emoji2:emoji2:1.0.0] AndroidManifest.xml:31:13-33:52
250                android:name="androidx.emoji2.text.EmojiCompatInitializer"
250-->[androidx.emoji2:emoji2:1.0.0] AndroidManifest.xml:32:17-75
251                android:value="androidx.startup" />
251-->[androidx.emoji2:emoji2:1.0.0] AndroidManifest.xml:33:17-49
252            <meta-data
252-->[androidx.lifecycle:lifecycle-process:2.4.0] AndroidManifest.xml:31:13-33:52
253                android:name="androidx.lifecycle.ProcessLifecycleInitializer"
253-->[androidx.lifecycle:lifecycle-process:2.4.0] AndroidManifest.xml:32:17-78
254                android:value="androidx.startup" />
254-->[androidx.lifecycle:lifecycle-process:2.4.0] AndroidManifest.xml:33:17-49
255        </provider>
256    </application>
257
258</manifest>